<?xml version="1.0" encoding="UTF-8"?>
<!-- Generated by org.testng.reporters.JUnitXMLReporter -->
<testsuite hostname="BDC4-L-PF1V7L8G" ignored="0" name="Test" tests="4" failures="1" timestamp="02 Jul 2020 13:27:07 GMT" time="102.244" errors="0">
  <testcase name="links1" time="23.342" classname="docker.SmokeTest"/>
  <testcase name="links2" time="28.332" classname="docker.SmokeTest"/>
  <testcase name="links1" time="19.235" classname="docker.RegressionTest">
    <failure type="org.openqa.selenium.ElementClickInterceptedException" message="Element &amp;lt;a href=&amp;quot;https://register.freecrm.com/register/&amp;quot;&amp;gt; is not clickable at point (852,45) because another element &amp;lt;div id=&amp;quot;preloader&amp;quot;&amp;gt; obscures it
Build info: version: &amp;apos;3.141.59&amp;apos;, revision: &amp;apos;e82be7d358&amp;apos;, time: &amp;apos;2018-11-14T08:17:03&amp;apos;
System info: host: &amp;apos;BDC4-L-PF1V7L8G&amp;apos;, ip: &amp;apos;192.168.1.2&amp;apos;, os.name: &amp;apos;Windows 10&amp;apos;, os.arch: &amp;apos;amd64&amp;apos;, os.version: &amp;apos;10.0&amp;apos;, java.version: &amp;apos;1.8.0_251&amp;apos;
Driver info: org.openqa.selenium.firefox.FirefoxDriver
Capabilities {acceptInsecureCerts: true, browserName: firefox, browserVersion: 78.0, javascriptEnabled: true, moz:accessibilityChecks: false, moz:buildID: 20200625152958, moz:geckodriverVersion: 0.26.0, moz:headless: false, moz:processID: 16560, moz:profile: C:\Users\naveen.kumar.medur..., moz:shutdownTimeout: 60000, moz:useNonSpecCompliantPointerOrigin: false, moz:webdriverClick: true, pageLoadStrategy: normal, platform: WINDOWS, platformName: WINDOWS, platformVersion: 10.0, rotatable: false, setWindowRect: true, strictFileInteractability: false, timeouts: {implicit: 0, pageLoad: 300000, script: 30000}, unhandledPromptBehavior: dismiss and notify}
Session ID: 7d0145cd-62f7-45ce-80c6-3adac3b549e8">
      <![CDATA[org.openqa.selenium.ElementClickInterceptedException: Element <a href="https://register.freecrm.com/register/"> is not clickable at point (852,45) because another element <div id="preloader"> obscures it
Build info: version: '3.141.59', revision: 'e82be7d358', time: '2018-11-14T08:17:03'
System info: host: 'BDC4-L-PF1V7L8G', ip: '192.168.1.2', os.name: 'Windows 10', os.arch: 'amd64', os.version: '10.0', java.version: '1.8.0_251'
Driver info: org.openqa.selenium.firefox.FirefoxDriver
Capabilities {acceptInsecureCerts: true, browserName: firefox, browserVersion: 78.0, javascriptEnabled: true, moz:accessibilityChecks: false, moz:buildID: 20200625152958, moz:geckodriverVersion: 0.26.0, moz:headless: false, moz:processID: 16560, moz:profile: C:\Users\naveen.kumar.medur..., moz:shutdownTimeout: 60000, moz:useNonSpecCompliantPointerOrigin: false, moz:webdriverClick: true, pageLoadStrategy: normal, platform: WINDOWS, platformName: WINDOWS, platformVersion: 10.0, rotatable: false, setWindowRect: true, strictFileInteractability: false, timeouts: {implicit: 0, pageLoad: 300000, script: 30000}, unhandledPromptBehavior: dismiss and notify}
Session ID: 7d0145cd-62f7-45ce-80c6-3adac3b549e8
at org.openqa.selenium.remote.http.W3CHttpResponseCodec.createException(W3CHttpResponseCodec.java:187)
at org.openqa.selenium.remote.http.W3CHttpResponseCodec.decode(W3CHttpResponseCodec.java:122)
at org.openqa.selenium.remote.http.W3CHttpResponseCodec.decode(W3CHttpResponseCodec.java:49)
at org.openqa.selenium.remote.HttpCommandExecutor.execute(HttpCommandExecutor.java:158)
at org.openqa.selenium.remote.service.DriverCommandExecutor.execute(DriverCommandExecutor.java:83)
at org.openqa.selenium.remote.RemoteWebDriver.execute(RemoteWebDriver.java:552)
at org.openqa.selenium.remote.RemoteWebElement.execute(RemoteWebElement.java:285)
at org.openqa.selenium.remote.RemoteWebElement.click(RemoteWebElement.java:84)
at docker.RegressionTest.links1(RegressionTest.java:20)
at java.util.concurrent.FutureTask.run(Unknown Source)
at java.util.concurrent.ThreadPoolExecutor.runWorker(Unknown Source)
at java.util.concurrent.ThreadPoolExecutor$Worker.run(Unknown Source)
at java.lang.Thread.run(Unknown Source)
... Removed 20 stack frames]]>
    </failure>
  </testcase> <!-- links1 -->
  <testcase name="links2" time="21.218" classname="docker.RegressionTest"/>
</testsuite> <!-- Test -->
